Build started 4/28/2017 2:22:10 PM.
     1>Project "\\buad.bloomu.edu\student\UsersJKL\dpk12149\Documents\Visual Studio 2013\Projects\Adventure\Adventure.vcxproj" on node 2 (Build target(s)).
     1>ClCompile:
         C:\Program Files (x86)\Microsoft Visual Studio 12.0\VC\bin\CL.exe /c /ZI /nologo /W3 /WX- /Od /Oy- /D _MBCS /Gm /EHsc /RTC1 /MDd /GS /fp:precise /Zc:wchar_t /Zc:forScope /Fo"Debug\\" /Fd"Debug\vc120.pdb" /Gd /TP /analyze- /errorReport:prompt adventure.cpp
         adventure.cpp
     1>\\buad.bloomu.edu\student\usersjkl\dpk12149\documents\visual studio 2013\projects\adventure\place.h(27): warning C4018: '<' : signed/unsigned mismatch
     1>\\buad.bloomu.edu\student\usersjkl\dpk12149\documents\visual studio 2013\projects\adventure\place.h(29): warning C4018: '<' : signed/unsigned mismatch
     1>\\buad.bloomu.edu\student\usersjkl\dpk12149\documents\visual studio 2013\projects\adventure\place.h(40): warning C4018: '<' : signed/unsigned mismatch
     1>\\buad.bloomu.edu\student\usersjkl\dpk12149\documents\visual studio 2013\projects\adventure\person.h(44): warning C4018: '<' : signed/unsigned mismatch
     1>\\buad.bloomu.edu\student\usersjkl\dpk12149\documents\visual studio 2013\projects\adventure\person.h(78): warning C4018: '<' : signed/unsigned mismatch
     1>\\buad.bloomu.edu\student\usersjkl\dpk12149\documents\visual studio 2013\projects\adventure\person.h(157): warning C4018: '<' : signed/unsigned mismatch
     1>\\buad.bloomu.edu\student\usersjkl\dpk12149\documents\visual studio 2013\projects\adventure\person.h(170): warning C4018: '<' : signed/unsigned mismatch
     1>\\buad.bloomu.edu\student\usersjkl\dpk12149\documents\visual studio 2013\projects\adventure\person.h(180): warning C4018: '<' : signed/unsigned mismatch
     1>\\buad.bloomu.edu\student\usersjkl\dpk12149\documents\visual studio 2013\projects\adventure\werewolf.h(21): warning C4018: '<' : signed/unsigned mismatch
     1>\\buad.bloomu.edu\student\usersjkl\dpk12149\documents\visual studio 2013\projects\adventure\werewolf.h(43): warning C4018: '<' : signed/unsigned mismatch
     1>\\buad.bloomu.edu\student\usersjkl\dpk12149\documents\visual studio 2013\projects\adventure\adventure.cpp(48): warning C4018: '<' : signed/unsigned mismatch
     1>\\buad.bloomu.edu\student\usersjkl\dpk12149\documents\visual studio 2013\projects\adventure\adventure.cpp(60): warning C4018: '<' : signed/unsigned mismatch
     1>\\buad.bloomu.edu\student\usersjkl\dpk12149\documents\visual studio 2013\projects\adventure\adventure.cpp(119): warning C4996: 'gets': This function or variable may be unsafe. Consider using gets_s instead. To disable deprecation, use _CRT_SECURE_NO_WARNINGS. See online help for details.
                 c:\program files (x86)\microsoft visual studio 12.0\vc\include\stdio.h(254) : see declaration of 'gets'
     1>\\buad.bloomu.edu\student\usersjkl\dpk12149\documents\visual studio 2013\projects\adventure\adventure.cpp(120): warning C4996: 'strtok': This function or variable may be unsafe. Consider using strtok_s instead. To disable deprecation, use _CRT_SECURE_NO_WARNINGS. See online help for details.
                 c:\program files (x86)\microsoft visual studio 12.0\vc\include\string.h(204) : see declaration of 'strtok'
     1>\\buad.bloomu.edu\student\usersjkl\dpk12149\documents\visual studio 2013\projects\adventure\adventure.cpp(127): warning C4996: 'strtok': This function or variable may be unsafe. Consider using strtok_s instead. To disable deprecation, use _CRT_SECURE_NO_WARNINGS. See online help for details.
                 c:\program files (x86)\microsoft visual studio 12.0\vc\include\string.h(204) : see declaration of 'strtok'
     1>\\buad.bloomu.edu\student\usersjkl\dpk12149\documents\visual studio 2013\projects\adventure\adventure.cpp(132): warning C4996: 'strtok': This function or variable may be unsafe. Consider using strtok_s instead. To disable deprecation, use _CRT_SECURE_NO_WARNINGS. See online help for details.
                 c:\program files (x86)\microsoft visual studio 12.0\vc\include\string.h(204) : see declaration of 'strtok'
     1>\\buad.bloomu.edu\student\usersjkl\dpk12149\documents\visual studio 2013\projects\adventure\adventure.cpp(144): warning C4996: 'strtok': This function or variable may be unsafe. Consider using strtok_s instead. To disable deprecation, use _CRT_SECURE_NO_WARNINGS. See online help for details.
                 c:\program files (x86)\microsoft visual studio 12.0\vc\include\string.h(204) : see declaration of 'strtok'
     1>\\buad.bloomu.edu\student\usersjkl\dpk12149\documents\visual studio 2013\projects\adventure\place.h(46): warning C4715: 'place::contains_thing' : not all control paths return a value
     1>\\buad.bloomu.edu\student\usersjkl\dpk12149\documents\visual studio 2013\projects\adventure\person.h(176): warning C4715: 'person::has_thing' : not all control paths return a value
       Link:
         C:\Program Files (x86)\Microsoft Visual Studio 12.0\VC\bin\link.exe /ERRORREPORT:PROMPT /OUT:"\\buad.bloomu.edu\student\UsersJKL\dpk12149\Documents\Visual Studio 2013\Projects\Adventure\Debug\Adventure.exe" /INCREMENTAL /NOLOGO kernel32.lib user32.lib gdi32.lib winspool.lib comdlg32.lib advapi32.lib shell32.lib ole32.lib oleaut32.lib uuid.lib odbc32.lib odbccp32.lib /MANIFEST /MANIFESTUAC:"level='asInvoker' uiAccess='false'" /manifest:embed /DEBUG /PDB:"\\buad.bloomu.edu\student\UsersJKL\dpk12149\Documents\Visual Studio 2013\Projects\Adventure\Debug\Adventure.pdb" /TLBID:1 /DYNAMICBASE /NXCOMPAT /IMPLIB:"\\buad.bloomu.edu\student\UsersJKL\dpk12149\Documents\Visual Studio 2013\Projects\Adventure\Debug\Adventure.lib" /MACHINE:X86 Debug\adventure.obj
         Adventure.vcxproj -> \\buad.bloomu.edu\student\UsersJKL\dpk12149\Documents\Visual Studio 2013\Projects\Adventure\Debug\Adventure.exe
     1>Done Building Project "\\buad.bloomu.edu\student\UsersJKL\dpk12149\Documents\Visual Studio 2013\Projects\Adventure\Adventure.vcxproj" (Build target(s)).

Build succeeded.

Time Elapsed 00:00:01.91
