c:\erik\255\adventure\adventure\debug\adventure.obj
c:\erik\255\adventure\adventure\debug\vc100.pdb
c:\erik\255\adventure\adventure\debug\adventure.ilk
c:\erik\255\adventure\adventure\debug\adventure.exe
c:\erik\255\adventure\adventure\debug\adventure.exe.intermediate.manifest
c:\erik\255\adventure\adventure\debug\adventure.pdb
c:\erik\cs255\old\255\adventure\adventure\debug\vc120.pdb
c:\erik\cs255\old\255\adventure\adventure\debug\vc120.idb
c:\erik\cs255\old\255\adventure\adventure\debug\adventure.obj
c:\erik\cs255\old\255\adventure\adventure\debug\adventure.vcxprojresolveassemblyreference.cache
c:\erik\cs255\old\255\adventure\adventure\debug\adventure.write.1.tlog
c:\erik\cs255\old\255\adventure\adventure\debug\cl.command.1.tlog
c:\erik\cs255\old\255\adventure\adventure\debug\cl.read.1.tlog
c:\erik\cs255\old\255\adventure\adventure\debug\cl.write.1.tlog
c:\erik\cs255\old\255\adventure\adventure\debug\link.command.1.tlog
c:\erik\cs255\old\255\adventure\adventure\debug\link.read.1.tlog
c:\erik\cs255\old\255\adventure\adventure\debug\link.write.1.tlog
c:\erik\cs255\old\255\adventure\adventure\debug\mt.command.1.tlog
c:\erik\cs255\old\255\adventure\adventure\debug\mt.read.1.tlog
c:\erik\cs255\old\255\adventure\adventure\debug\mt.write.1.tlog
c:\erik\cs255\old\255\adventure\adventure\debug\adventure.exe.intermediate.manifest
c:\erik\cs255\old\255\adventure\adventure\debug\vc100.idb
c:\erik\cs255\old\255\adventure\adventure\debug\adventure.pdb
c:\erik\cs255\old\255\adventure\adventure\debug\vc100.pdb
c:\erik\cs255\old\255\adventure\adventure\debug\adventure.tlog\cl.command.1.tlog
c:\erik\cs255\old\255\adventure\adventure\debug\adventure.tlog\cl.read.1.tlog
c:\erik\cs255\old\255\adventure\adventure\debug\adventure.tlog\cl.write.1.tlog
c:\erik\cs255\old\255\adventure\adventure\debug\adventure.tlog\link-cvtres.read.1.tlog
c:\erik\cs255\old\255\adventure\adventure\debug\adventure.tlog\link-cvtres.write.1.tlog
c:\erik\cs255\old\255\adventure\adventure\debug\adventure.tlog\link-rc.read.1.tlog
c:\erik\cs255\old\255\adventure\adventure\debug\adventure.tlog\link-rc.write.1.tlog
c:\erik\cs255\old\255\adventure\adventure\debug\adventure.tlog\link.command.1.tlog
c:\erik\cs255\old\255\adventure\adventure\debug\adventure.tlog\link.read.1.tlog
c:\erik\cs255\old\255\adventure\adventure\debug\adventure.tlog\link.write.1.tlog
